[    0.000000] Linux version 4.15.0-167-generic (buildd@lcy02-amd64-045) (gcc version 7.5.0 (Ubuntu 7.5.0-3ubuntu1~18.04)) #175-Ubuntu SMP Wed Jan 5 01:56:07 UTC 2022 (Ubuntu 4.15.0-167.175-generic 4.15.18)
[    0.000000] Command line: BOOT_IMAGE=/boot/vmlinuz-4.15.0-167-generic root=LABEL=cloudimg-rootfs ro console=tty1 console=ttyS0
[    0.000000] KERNEL supported cpus:
[    0.000000]   Intel GenuineIntel
[    0.000000]   AMD AuthenticAMD
[    0.000000]   Centaur CentaurHauls
[    0.000000] x86/fpu: Supporting XSAVE feature 0x001: 'x87 floating point registers'
[    0.000000] x86/fpu: Supporting XSAVE feature 0x002: 'SSE registers'
[    0.000000] x86/fpu: Supporting XSAVE feature 0x004: 'AVX registers'
[    0.000000] x86/fpu: xstate_offset[2]:  576, xstate_sizes[2]:  256
[    0.000000] x86/fpu: Enabled xstate features 0x7, context size is 832 bytes, using 'standard' format.
[    0.000000] e820: BIOS-provided physical RAM map:
[    0.000000] BIOS-e820: [mem 0x0000000000000000-0x000000000009fbff] usable
[    0.000000] BIOS-e820: [mem 0x000000000009fc00-0x000000000009ffff] reserved
[    0.000000] BIOS-e820: [mem 0x00000000000f0000-0x00000000000fffff] reserved
[    0.000000] BIOS-e820: [mem 0x0000000000100000-0x000000003ffeffff] usable
[    0.000000] BIOS-e820: [mem 0x000000003fff0000-0x000000003fffffff] ACPI data
[    0.000000] BIOS-e820: [mem 0x00000000fec00000-0x00000000fec00fff] reserved
[    0.000000] BIOS-e820: [mem 0x00000000fee00000-0x00000000fee00fff] reserved
[    0.000000] BIOS-e820: [mem 0x00000000fffc0000-0x00000000ffffffff] reserved
[    0.000000] NX (Execute Disable) protection: active
[    0.000000] SMBIOS 2.5 present.
[    0.000000] DMI: innotek GmbH VirtualBox/VirtualBox, BIOS VirtualBox 12/01/2006
[    0.000000] Hypervisor detected: KVM
[    0.000000] e820: last_pfn = 0x3fff0 max_arch_pfn = 0x400000000
[    0.000000] MTRR: Disabled
[    0.000000] x86/PAT: MTRRs disabled, skipping PAT initialization too.
[    0.000000] CPU MTRRs all blank - virtualized system.
[    0.000000] x86/PAT: Configuration [0-7]: WB  WT  UC- UC  WB  WT  UC- UC  
[    0.000000] found SMP MP-table at [mem 0x0009fff0-0x0009ffff]
[    0.000000] Scanning 1 areas for low memory corruption
[    0.000000] RAMDISK: [mem 0x359cd000-0x36cddfff]
[    0.000000] ACPI: Early table checksum verification disabled
[    0.000000] ACPI: RSDP 0x00000000000E0000 000024 (v02 VBOX  )
[    0.000000] ACPI: XSDT 0x000000003FFF0030 00003C (v01 VBOX   VBOXXSDT 00000001 ASL  00000061)
[    0.000000] ACPI: FACP 0x000000003FFF00F0 0000F4 (v04 VBOX   VBOXFACP 00000001 ASL  00000061)
[    0.000000] ACPI: DSDT 0x000000003FFF0470 0022EA (v02 VBOX   VBOXBIOS 00000002 INTL 20100528)
[    0.000000] ACPI: FACS 0x000000003FFF0200 000040
[    0.000000] ACPI: FACS 0x000000003FFF0200 000040
[    0.000000] ACPI: APIC 0x000000003FFF0240 000054 (v02 VBOX   VBOXAPIC 00000001 ASL  00000061)
[    0.000000] ACPI: SSDT 0x000000003FFF02A0 0001CC (v01 VBOX   VBOXCPUT 00000002 INTL 20100528)
[    0.000000] ACPI: Reserving FACP table memory at [mem 0x3fff00f0-0x3fff01e3]
[    0.000000] ACPI: Reserving DSDT table memory at [mem 0x3fff0470-0x3fff2759]
[    0.000000] ACPI: Reserving FACS table memory at [mem 0x3fff0200-0x3fff023f]
[    0.000000] ACPI: Reserving FACS table memory at [mem 0x3fff0200-0x3fff023f]
[    0.000000] ACPI: Reserving APIC table memory at [mem 0x3fff0240-0x3fff0293]
[    0.000000] ACPI: Reserving SSDT table memory at [mem 0x3fff02a0-0x3fff046b]
[    0.000000] No NUMA configuration found
[    0.000000] Faking a node at [mem 0x0000000000000000-0x000000003ffeffff]
[    0.000000] NODE_DATA(0) allocated [mem 0x3ffc5000-0x3ffeffff]
[    0.000000] kvm-clock: cpu 0, msr 0:3ff44001, primary cpu clock
[    0.000000] kvm-clock: Using msrs 4b564d01 and 4b564d00
[    0.000000] kvm-clock: using sched offset of 5018742302 cycles
[    0.000000] clocksource: kvm-clock: mask: 0xffffffffffffffff max_cycles: 0x1cd42e4dffb, max_idle_ns: 881590591483 ns
[    0.000000] Zone ranges:
[    0.000000]   DMA      [mem 0x0000000000001000-0x0000000000ffffff]
[    0.000000]   DMA32    [mem 0x0000000001000000-0x000000003ffeffff]
[    0.000000]   Normal   empty
[    0.000000]   Device   empty
[    0.000000] Movable zone start for each node
[    0.000000] Early memory node ranges
[    0.000000]   node   0: [mem 0x0000000000001000-0x000000000009efff]
[    0.000000]   node   0: [mem 0x0000000000100000-0x000000003ffeffff]
[    0.000000] Reserved but unavailable: 104 pages
[    0.000000] Initmem setup node 0 [mem 0x0000000000001000-0x000000003ffeffff]
[    0.000000] ACPI: PM-Timer IO Port: 0x4008
[    0.000000] IOAPIC[0]: apic_id 1, version 32, address 0xfec00000, GSI 0-23
[    0.000000] ACPI: INT_SRC_OVR (bus 0 bus_irq 0 global_irq 2 dfl dfl)
[    0.000000] ACPI: INT_SRC_OVR (bus 0 bus_irq 9 global_irq 9 low level)
[    0.000000] Using ACPI (MADT) for SMP configuration information
[    0.000000] smpboot: Allowing 1 CPUs, 0 hotplug CPUs
[    0.000000] PM: Registered nosave memory: [mem 0x00000000-0x00000fff]
[    0.000000] PM: Registered nosave memory: [mem 0x0009f000-0x0009ffff]
[    0.000000] PM: Registered nosave memory: [mem 0x000a0000-0x000effff]
[    0.000000] PM: Registered nosave memory: [mem 0x000f0000-0x000fffff]
[    0.000000] e820: [mem 0x40000000-0xfebfffff] available for PCI devices
[    0.000000] Booting paravirtualized kernel on KVM
[    0.000000] clocksource: refined-jiffies: mask: 0xffffffff max_cycles: 0xffffffff, max_idle_ns: 7645519600211568 ns
[    0.000000] random: get_random_bytes called from start_kernel+0x99/0x500 with crng_init=0
[    0.000000] setup_percpu: NR_CPUS:8192 nr_cpumask_bits:1 nr_cpu_ids:1 nr_node_ids:1
[    0.000000] percpu: Embedded 50 pages/cpu s167936 r8192 d28672 u2097152
[    0.000000] PV qspinlock hash table entries: 256 (order: 0, 4096 bytes)
[    0.000000] Built 1 zonelists, mobility grouping on.  Total pages: 257913
[    0.000000] Policy zone: DMA32
[    0.000000] Kernel command line: BOOT_IMAGE=/boot/vmlinuz-4.15.0-167-generic root=LABEL=cloudimg-rootfs ro console=tty1 console=ttyS0
[    0.000000] Memory: 982844K/1048120K available (12300K kernel code, 2483K rwdata, 4324K rodata, 2476K init, 2724K bss, 65276K reserved, 0K cma-reserved)
[    0.000000] SLUB: HWalign=64, Order=0-3, MinObjects=0, CPUs=1, Nodes=1
[    0.000000] ftrace: allocating 39494 entries in 155 pages
[    0.004000] Hierarchical RCU implementation.
[    0.004000] 	RCU restricting CPUs from NR_CPUS=8192 to nr_cpu_ids=1.
[    0.004000] 	Tasks RCU enabled.
[    0.004000] RCU: Adjusting geometry for rcu_fanout_leaf=16, nr_cpu_ids=1
[    0.004000] NR_IRQS: 524544, nr_irqs: 256, preallocated irqs: 16
[    0.004000] Console: colour VGA+ 80x25
[    0.004000] console [tty1] enabled
[    0.004000] console [ttyS0] enabled
[    0.004000] ACPI: Core revision 20170831
[    0.004000] ACPI: 2 ACPI AML tables successfully acquired and loaded
[    0.004000] APIC: Switch to symmetric I/O mode setup
[    0.004000] x2apic enabled
[    0.004000] Switched APIC routing to physical x2apic.
[    0.004000] ..TIMER: vector=0x30 apic1=0 pin1=2 apic2=-1 pin2=-1
[    0.004000] tsc: Detected 3696.004 MHz processor
[    0.004000] Calibrating delay loop (skipped) preset value.. 7392.00 BogoMIPS (lpj=14784016)
[    0.004003] pid_max: default: 32768 minimum: 301
[    0.004525] Security Framework initialized
[    0.004976] Yama: becoming mindful.
[    0.005385] AppArmor: AppArmor initialized
[    0.008029] Dentry cache hash table entries: 131072 (order: 8, 1048576 bytes)
[    0.008816] Inode-cache hash table entries: 65536 (order: 7, 524288 bytes)
[    0.009549] Mount-cache hash table entries: 2048 (order: 2, 16384 bytes)
[    0.010257] Mountpoint-cache hash table entries: 2048 (order: 2, 16384 bytes)
[    0.011188] process: using mwait in idle threads
[    0.011696] Last level iTLB entries: 4KB 128, 2MB 8, 4MB 8
[    0.012002] Last level dTLB entries: 4KB 64, 2MB 0, 4MB 0, 1GB 4
[    0.012636] Spectre V1 : Mitigation: usercopy/swapgs barriers and __user pointer sanitization
[    0.013556] unchecked MSR access error: WRMSR to 0x48 (tried to write 0x0000000000000001) at rIP: 0xffffffffa646e1b8 (native_write_msr+0x8/0x30)
[    0.014939] Call Trace:
[    0.015237]  wrmsrl+0x16/0x20
[    0.015587]  check_bugs+0x263/0xa1b
[    0.016003]  ? delayacct_init+0x52/0x70
[    0.016432]  start_kernel+0x4b8/0x500
[    0.016848]  x86_64_start_reservations+0x24/0x26
[    0.017350]  x86_64_start_kernel+0x74/0x77
[    0.017903]  secondary_startup_64+0xa5/0xb0
[    0.018365] Spectre V2 : Mitigation: Enhanced IBRS
[    0.018883] Spectre V2 : Spectre v2 / SpectreRSB mitigation: Filling RSB on context switch
[    0.019755] Speculative Store Bypass: Vulnerable
[    0.020003] SRBDS: Mitigation: TSX disabled
[    0.029172] Freeing SMP alternatives memory: 36K
[    0.138489] smpboot: CPU0: Intel(R) Core(TM) i5-9600KF CPU @ 3.70GHz (family: 0x6, model: 0x9e, stepping: 0xd)
[    0.139807] Performance Events: unsupported p6 CPU model 158 no PMU driver, software events only.
[    0.140000] Hierarchical SRCU implementation.
[    0.140000] NMI watchdog: Perf event create on CPU 0 failed with -2
[    0.140001] NMI watchdog: Perf NMI watchdog permanently disabled
[    0.140861] smp: Bringing up secondary CPUs ...
[    0.141513] smp: Brought up 1 node, 1 CPU
[    0.142089] smpboot: Max logical packages: 1
[    0.142644] smpboot: Total of 1 processors activated (7392.00 BogoMIPS)
[    0.143580] devtmpfs: initialized
[    0.144035] x86/mm: Memory block size: 128MB
[    0.144705] evm: security.selinux
[    0.145207] evm: security.SMACK64
[    0.145847] evm: security.SMACK64EXEC
[    0.146293] evm: security.SMACK64TRANSMUTE
[    0.146738] evm: security.SMACK64MMAP
[    0.147310] evm: security.apparmor
[    0.148002] evm: security.ima
[    0.148418] evm: security.capability
[    0.149018] clocksource: jiffies: mask: 0xffffffff max_cycles: 0xffffffff, max_idle_ns: 7645041785100000 ns
[    0.150202] futex hash table entries: 256 (order: 2, 16384 bytes)
[    0.151077] pinctrl core: initialized pinctrl subsystem
[    0.152097] RTC time: 21:38:33, date: 02/06/22
[    0.152756] NET: Registered protocol family 16
[    0.153487] audit: initializing netlink subsys (disabled)
[    0.154356] cpuidle: using governor ladder
[    0.154890] cpuidle: using governor menu
[    0.155515] ACPI: bus type PCI registered
[    0.156000] acpiphp: ACPI Hot Plug PCI Controller Driver version: 0.5
[    0.156059] PCI: Using configuration type 1 for base access
[    0.156818] audit: type=2000 audit(1644183519.592:1): state=initialized audit_enabled=0 res=1
[    0.158561] HugeTLB registered 2.00 MiB page size, pre-allocated 0 pages
[    0.162095] ACPI: Added _OSI(Module Device)
[    0.162734] ACPI: Added _OSI(Processor Device)
[    0.163313] ACPI: Added _OSI(3.0 _SCP Extensions)
[    0.163935] ACPI: Added _OSI(Processor Aggregator Device)
[    0.164005] ACPI: Added _OSI(Linux-Dell-Video)
[    0.164632] ACPI: Added _OSI(Linux-Lenovo-NV-HDMI-Audio)
[    0.165333] ACPI: Added _OSI(Linux-HPI-Hybrid-Graphics)
[    0.166291] ACPI: Executed 1 blocks of module-level executable AML code
[    0.169671] ACPI: Interpreter enabled
[    0.170213] ACPI: (supports S0 S5)
[    0.170729] ACPI: Using IOAPIC for interrupt routing
[    0.171606] PCI: Using host bridge windows from ACPI; if necessary, use "pci=nocrs" and report a bug
[    0.172106] ACPI: Enabled 2 GPEs in block 00 to 07
[    0.177084] ACPI: PCI Root Bridge [PCI0] (domain 0000 [bus 00-ff])
[    0.177969] acpi PNP0A03:00: _OSC: OS supports [ASPM ClockPM Segments MSI]
[    0.179155] acpi PNP0A03:00: _OSC: not requesting OS control; OS requires [ExtendedConfig ASPM ClockPM MSI]
[    0.180008] acpi PNP0A03:00: fail to add MMCONFIG information, can't access extended PCI configuration space under this bridge.
[    0.181739] PCI host bridge to bus 0000:00
[    0.182343] pci_bus 0000:00: root bus resource [io  0x0000-0x0cf7 window]
[    0.184002] pci_bus 0000:00: root bus resource [io  0x0d00-0xffff window]
[    0.184887] pci_bus 0000:00: root bus resource [mem 0x000a0000-0x000bffff window]
[    0.185903] pci_bus 0000:00: root bus resource [mem 0x40000000-0xfdffffff window]
[    0.186974] pci_bus 0000:00: root bus resource [bus 00-ff]
[    0.189278] pci 0000:00:01.1: legacy IDE quirk: reg 0x10: [io  0x01f0-0x01f7]
[    0.190198] pci 0000:00:01.1: legacy IDE quirk: reg 0x14: [io  0x03f6]
[    0.191033] pci 0000:00:01.1: legacy IDE quirk: reg 0x18: [io  0x0170-0x0177]
[    0.192002] pci 0000:00:01.1: legacy IDE quirk: reg 0x1c: [io  0x0376]
[    0.201433] pci 0000:00:07.0: quirk: [io  0x4000-0x403f] claimed by PIIX4 ACPI
[    0.202486] pci 0000:00:07.0: quirk: [io  0x4100-0x410f] claimed by PIIX4 SMB
[    0.208286] ACPI: PCI Interrupt Link [LNKA] (IRQs 5 9 10 *11)
[    0.209287] ACPI: PCI Interrupt Link [LNKB] (IRQs 5 9 *10 11)
[    0.210151] ACPI: PCI Interrupt Link [LNKC] (IRQs 5 *9 10 11)
[    0.211018] ACPI: PCI Interrupt Link [LNKD] (IRQs 5 9 10 *11)
[    0.212000] SCSI subsystem initialized
[    0.212086] pci 0000:00:02.0: vgaarb: setting as boot VGA device
[    0.213828] pci 0000:00:02.0: vgaarb: VGA device added: decodes=io+mem,owns=io+mem,locks=none
[    0.214922] pci 0000:00:02.0: vgaarb: bridge control possible
[    0.216001] vgaarb: loaded
[    0.216444] ACPI: bus type USB registered
[    0.217080] usbcore: registered new interface driver usbfs
[    0.217864] usbcore: registered new interface driver hub
[    0.218511] usbcore: registered new device driver usb
[    0.219129] EDAC MC: Ver: 3.0.0
[    0.219672] PCI: Using ACPI for IRQ routing
[    0.220191] NetLabel: Initializing
[    0.220573] NetLabel:  domain hash size = 128
[    0.221045] NetLabel:  protocols = UNLABELED CIPSOv4 CALIPSO
[    0.221645] NetLabel:  unlabeled traffic allowed by default
[    0.222296] clocksource: Switched to clocksource kvm-clock
[    0.234185] VFS: Disk quotas dquot_6.6.0
[    0.234661] VFS: Dquot-cache hash table entries: 512 (order 0, 4096 bytes)
[    0.235426] AppArmor: AppArmor Filesystem Enabled
[    0.235954] pnp: PnP ACPI init
[    0.236981] pnp: PnP ACPI: found 3 devices
[    0.242595] clocksource: acpi_pm: mask: 0xffffff max_cycles: 0xffffff, max_idle_ns: 2085701024 ns
[    0.243606] NET: Registered protocol family 2
[    0.244113] IP idents hash table entries: 16384 (order: 5, 131072 bytes)
[    0.244955] TCP established hash table entries: 8192 (order: 4, 65536 bytes)
[    0.245689] TCP bind hash table entries: 8192 (order: 5, 131072 bytes)
[    0.246376] TCP: Hash tables configured (established 8192 bind 8192)
[    0.247139] UDP hash table entries: 512 (order: 2, 16384 bytes)
[    0.247761] UDP-Lite hash table entries: 512 (order: 2, 16384 bytes)
[    0.248514] NET: Registered protocol family 1
[    0.249033] pci 0000:00:00.0: Limiting direct PCI/PCI transfers
[    0.249662] pci 0000:00:01.0: Activating ISA DMA hang workarounds
[    0.250390] pci 0000:00:02.0: Video device with shadowed ROM at [mem 0x000c0000-0x000dffff]
[    0.251328] Unpacking initramfs...
[    0.504929] Freeing initrd memory: 19524K
[    0.505632] clocksource: tsc: mask: 0xffffffffffffffff max_cycles: 0x6a8d2d9b023, max_idle_ns: 881590978302 ns
[    0.506734] platform rtc_cmos: registered platform RTC device (no PNP device found)
[    0.507668] Scanning for low memory corruption every 60 seconds
[    0.508996] Initialise system trusted keyrings
[    0.509721] Key type blacklist registered
[    0.510331] workingset: timestamp_bits=36 max_order=18 bucket_order=0
[    0.511769] zbud: loaded
[    0.512465] squashfs: version 4.0 (2009/01/31) Phillip Lougher
[    0.513353] fuse init (API version 7.26)
[    0.514308] Key type asymmetric registered
[    0.514905] Asymmetric key parser 'x509' registered
[    0.515640] Block layer SCSI generic (bsg) driver version 0.4 loaded (major 246)
[    0.516885] io scheduler noop registered
[    0.517548] io scheduler deadline registered
[    0.518266] io scheduler cfq registered (default)
[    0.519092] ACPI: AC Adapter [AC] (on-line)
[    0.519696] input: Power Button as /devices/LNXSYSTM:00/LNXPWRBN:00/input/input0
[    0.520777] ACPI: Power Button [PWRF]
[    0.521324] input: Sleep Button as /devices/LNXSYSTM:00/LNXSLPBN:00/input/input1
[    0.522352] ACPI: Sleep Button [SLPF]
[    0.522984] Serial: 8250/16550 driver, 32 ports, IRQ sharing enabled
[    0.544412] 00:02: ttyS0 at I/O 0x3f8 (irq = 4, base_baud = 115200) is a 16550A
[    0.546186] Linux agpgart interface v0.103
[    0.547430] loop: module loaded
[    0.548168] scsi host0: ata_piix
[    0.548764] scsi host1: ata_piix
[    0.549238] ata1: PATA max UDMA/33 cmd 0x1f0 ctl 0x3f6 bmdma 0xd000 irq 14
[    0.550176] ata2: PATA max UDMA/33 cmd 0x170 ctl 0x376 bmdma 0xd008 irq 15
[    0.551289] libphy: Fixed MDIO Bus: probed
[    0.551753] tun: Universal TUN/TAP device driver, 1.6
[    0.552351] PPP generic driver version 2.4.2
[    0.552851] ehci_hcd: USB 2.0 'Enhanced' Host Controller (EHCI) Driver
[    0.553544] ehci-pci: EHCI PCI platform driver
[    0.554043] ehci-platform: EHCI generic platform driver
[    0.554676] ohci_hcd: USB 1.1 'Open' Host Controller (OHCI) Driver
[    0.555337] ohci-pci: OHCI PCI platform driver
[    0.555830] ohci-platform: OHCI generic platform driver
[    0.556590] uhci_hcd: USB Universal Host Controller Interface driver
[    0.557292] i8042: PNP: PS/2 Controller [PNP0303:PS2K,PNP0f03:PS2M] at 0x60,0x64 irq 1,12
[    0.558508] serio: i8042 KBD port at 0x60,0x64 irq 1
[    0.559064] serio: i8042 AUX port at 0x60,0x64 irq 12
[    0.559653] mousedev: PS/2 mouse device common for all mice
[    0.560447] input: AT Translated Set 2 keyboard as /devices/platform/i8042/serio0/input/input2
[    0.561687] rtc_cmos rtc_cmos: rtc core: registered rtc_cmos as rtc0
[    0.562391] rtc_cmos rtc_cmos: alarms up to one day, 114 bytes nvram
[    0.563064] i2c /dev entries driver
[    0.563495] device-mapper: uevent: version 1.0.3
[    0.564049] device-mapper: ioctl: 4.37.0-ioctl (2017-09-20) initialised: dm-devel@redhat.com
[    0.564971] ledtrig-cpu: registered to indicate activity on CPUs
[    0.565741] intel_pmc_core:  initialized
[    0.566289] NET: Registered protocol family 10
[    0.568378] Segment Routing with IPv6
[    0.568826] NET: Registered protocol family 17
[    0.569344] Key type dns_resolver registered
[    0.569883] mce: Using 0 MCE banks
[    0.570277] RAS: Correctable Errors collector initialized.
[    0.570879] sched_clock: Marking stable (568810333, 0)->(682252542, -113442209)
[    0.571736] registered taskstats version 1
[    0.572279] Loading compiled-in X.509 certificates
[    0.573871] Loaded X.509 cert 'Build time autogenerated kernel key: 51c91b167e8daada285dd448a981da05683ebd03'
[    0.575274] Loaded X.509 cert 'Canonical Ltd. Live Patch Signing: 14df34d1a87cf37625abec039ef2bf521249b969'
[    0.576666] Loaded X.509 cert 'Canonical Ltd. Kernel Module Signing: 88f752e560a1e0737e31163a466ad7b70a850c19'
[    0.577752] blacklist: Loading compiled-in revocation X.509 certificates
[    0.578497] Loaded X.509 cert 'Canonical Ltd. Secure Boot Signing: 61482aa2830d0ab2ad5af10b7250da9033ddcef0'
[    0.579541] zswap: loaded using pool lzo/zbud
[    0.581439] Key type big_key registered
[    0.581887] Key type trusted registered
[    0.583076] Key type encrypted registered
[    0.583638] AppArmor: AppArmor sha1 policy hashing enabled
[    0.584442] ima: No TPM chip found, activating TPM-bypass! (rc=-19)
[    0.585356] ima: Allocated hash algorithm: sha1
[    0.586052] evm: HMAC attrs: 0x1
[    0.586685]   Magic number: 10:235:651
[    0.587228] acpi PNP0A03:00: hash matches
[    0.587881] rtc_cmos rtc_cmos: setting system clock to 2022-02-06 21:38:33 UTC (1644183513)
[    0.589110] BIOS EDD facility v0.16 2004-Jun-25, 0 devices found
[    0.589952] EDD information not available.
[    0.718636] Freeing unused kernel image memory: 2476K
[    0.728106] Write protecting the kernel read-only data: 20480k
[    0.729816] Freeing unused kernel image memory: 2008K
[    0.731188] Freeing unused kernel image memory: 1820K
[    0.738472] x86/mm: Checked W+X mappings: passed, no W+X pages found.
Loading, please wait...
starting version 237
[    0.797793] e1000: Intel(R) PRO/1000 Network Driver - version 7.3.21-k8-NAPI
[    0.798771] e1000: Copyright (c) 1999-2006 Intel Corporation.
[    0.802715] Fusion MPT base driver 3.04.20
[    0.803265] Copyright (c) 1999-2008 LSI Corporation
[    0.818180] Fusion MPT SPI Host driver 3.04.20
[    0.829058] AVX2 version of gcm_enc/dec engaged.
[    0.829686] AES CTR mode by8 optimization enabled
[    1.010756] input: ImExPS/2 Generic Explorer Mouse as /devices/platform/i8042/serio1/input/input4
[    1.182395] e1000 0000:00:03.0 eth0: (PCI:33MHz:32-bit) 02:e8:64:37:14:18
[    1.184790] e1000 0000:00:03.0 eth0: Intel(R) PRO/1000 Network Connection
[    1.187942] mptbase: ioc0: Initiating bringup
[    1.284837] ioc0: LSI53C1030 A0: Capabilities={Initiator}
[    1.530737] scsi host2: ioc0: LSI53C1030 A0, FwRev=00000000h, Ports=1, MaxQ=256, IRQ=20
[    1.698813] scsi 2:0:0:0: Direct-Access     VBOX     HARDDISK         1.0  PQ: 0 ANSI: 5
[    1.701511] scsi target2:0:0: Beginning Domain Validation
[    1.706133] scsi target2:0:0: Domain Validation skipping write tests
[    1.707068] scsi target2:0:0: Ending Domain Validation
[    1.707837] scsi target2:0:0: asynchronous
[    1.709038] scsi 2:0:1:0: Direct-Access     VBOX     HARDDISK         1.0  PQ: 0 ANSI: 5
[    1.710445] scsi target2:0:1: Beginning Domain Validation
[    1.711456] random: fast init done
[    1.712995] scsi target2:0:1: Domain Validation skipping write tests
[    1.713814] scsi target2:0:1: Ending Domain Validation
[    1.714534] scsi target2:0:1: asynchronous
[    1.717682] random: systemd-udevd: uninitialized urandom read (16 bytes read)
[    1.718644] random: systemd-udevd: uninitialized urandom read (16 bytes read)
[    1.719595] random: systemd-udevd: uninitialized urandom read (16 bytes read)
[    1.720794] sd 2:0:0:0: [sda] 83886080 512-byte logical blocks: (42.9 GB/40.0 GiB)
[    1.721884] sd 2:0:0:0: [sda] Write Protect is off
[    1.722562] sd 2:0:0:0: Attached scsi generic sg0 type 0
[    1.723312] sd 2:0:0:0: [sda] Incomplete mode parameter data
[    1.724108] sd 2:0:0:0: [sda] Assuming drive cache: write through
[    1.725269] sd 2:0:1:0: [sdb] 20480 512-byte logical blocks: (10.5 MB/10.0 MiB)
[    1.726345] sd 2:0:1:0: [sdb] Write Protect is off
[    1.727159] sd 2:0:1:0: [sdb] Incomplete mode parameter data
[    1.727925] sd 2:0:1:0: [sdb] Assuming drive cache: write through
[    1.728944] sd 2:0:1:0: Attached scsi generic sg1 type 0
[    1.730414]  sda: sda1
[    1.731237] sd 2:0:0:0: [sda] Attached SCSI disk
[    1.783228] sd 2:0:1:0: [sdb] Attached SCSI disk
[    2.055092] e1000 0000:00:08.0 eth1: (PCI:33MHz:32-bit) 08:00:27:2c:0a:cb
[    2.056034] e1000 0000:00:08.0 eth1: Intel(R) PRO/1000 Network Connection
[    2.057644] e1000 0000:00:08.0 enp0s8: renamed from eth1
[    2.059428] e1000 0000:00:03.0 enp0s3: renamed from eth0
Begin: Loading essential drivers ... [    3.368338] raid6: sse2x1   gen() 15335 MB/s
[    3.416161] raid6: sse2x1   xor()  9007 MB/s
[    3.464516] raid6: sse2x2   gen() 19533 MB/s
[    3.512360] raid6: sse2x2   xor() 12117 MB/s
[    3.560126] raid6: sse2x4   gen() 19197 MB/s
[    3.608433] raid6: sse2x4   xor() 12030 MB/s
[    3.656256] raid6: avx2x1   gen() 30549 MB/s
[    3.704078] raid6: avx2x1   xor() 17729 MB/s
[    3.752448] raid6: avx2x2   gen() 35314 MB/s
[    3.800219] raid6: avx2x2   xor() 23374 MB/s
[    3.848048] raid6: avx2x4   gen() 37304 MB/s
[    3.896352] raid6: avx2x4   xor() 23440 MB/s
[    3.896926] raid6: using algorithm avx2x4 gen() 37304 MB/s
[    3.897685] raid6: .... xor() 23440 MB/s, rmw enabled
[    3.898350] raid6: using avx2x2 recovery algorithm
[    3.900233] xor: automatically using best checksumming function   avx       
[    3.901989] async_tx: api initialized (async)
done.
Begin: Running /scripts/init-premount ... done.
Begin: Mounting root file system ... Begin: Running /scripts/local-top ... done.
Begin: Running /scripts/local-premount ... [    3.937872] Btrfs loaded, crc32c=crc32c-intel
Scanning for Btrfs filesystems
done.
Warning: fsck not present, so skipping root file system
[    3.955681] EXT4-fs (sda1): mounted filesystem with ordered data mode. Opts: (null)
done.
Begin: Running /scripts/local-bottom ... done.
Begin: Running /scripts/init-bottom ... done.
[    4.067369] ip_tables: (C) 2000-2006 Netfilter Core Team
[    4.072847] systemd[1]: systemd 237 running in system mode. (+PAM +AUDIT +SELINUX +IMA +APPARMOR +SMACK +SYSVINIT +UTMP +LIBCRYPTSETUP +GCRYPT +GNUTLS +ACL +XZ +LZ4 +SECCOMP +BLKID +ELFUTILS +KMOD -IDN2 +IDN -PCRE2 default-hierarchy=hybrid)
[    4.075525] systemd[1]: Detected virtualization oracle.
[    4.076309] systemd[1]: Detected architecture x86-64.

Welcome to [1mUbuntu 18.04.6 LTS[0m!

[    4.088383] systemd[1]: Set hostname to <ubuntu>.
[    4.091076] systemd[1]: Initializing machine ID from random generator.
[    4.091942] systemd[1]: Installed transient /etc/machine-id file.
[    4.307063] systemd[1]: Reached target Swap.
[[0;32m  OK  [0m] Reached target Swap.
[    4.317278] systemd[1]: Created slice User and Session Slice.
[[0;32m  OK  [0m] Created slice User and Session Slice.
[    4.318462] systemd[1]: Reached target System Time Synchronized.
[[0;32m  OK  [0m] Reached target System Time Synchronized.
[    4.328988] systemd[1]: Set up automount Arbitrary Executable File Formats File System Automount Point.
[[0;32m  OK  [0m] Set up automount Arbitrary Executab…rmats File System Automount Point.
[[0;32m  OK  [0m] Created slice System Slice.
[[0;32m  OK  [0m] Listening on Syslog Socket.
[[0;32m  OK  [0m] Created slice system-serial\x2dgetty.slice.
[[0;32m  OK  [0m] Listening on Journal Audit Socket.
[[0;32m  OK  [0m] Listening on Network Service Netlink Socket.
[[0;32m  OK  [0m] Listening on LVM2 poll daemon socket.
[[0;32m  OK  [0m] Listening on udev Control Socket.
[[0;32m  OK  [0m] Listening on Journal Socket (/dev/log).
[[0;32m  OK  [0m] Listening on LVM2 metadata daemon socket.
[[0;32m  OK  [0m] Listening on /dev/initctl Compatibility Named Pipe.
[[0;32m  OK  [0m] Reached target Slices.
[[0;32m  OK  [0m] Listening on Device-mapper event daemon FIFOs.
[[0;32m  OK  [0m] Listening on fsck to fsckd communication Socket.
[[0;32m  OK  [0m] Reached target User and Group Name Lookups.
[[0;32m  OK  [0m] Started Forward Password Requests to Wall Directory Watch.
[[0;32m  OK  [0m] Listening on udev Kernel Socket.
[[0;32m  OK  [0m] Listening on Journal Socket.
         Starting Monitoring of LVM2 mirrors…ng dmeventd or progress polling...
         Mounting Huge Pages File System...
         Starting Create list of required st…ce nodes for the current kernel...
         Mounting Kernel Debug File System...
         Starting Uncomplicated firewall...
         Starting File System Check on Root Device...
         Starting Load Kernel Modules...
         Starting Journal Service...
[    4.462531] Loading iSCSI transport class v2.0-870.
[    4.466636] iscsi: registered transport (tcp)
         Starting udev Coldplug all Devices...
[    4.477248] iscsi: registered transport (iser)
         Mounting POSIX Message Queue File System...
         Starting Set the console keyboard layout...
[[0;32m  OK  [0m] Started Journal Service.
[[0;32m  OK  [0m] Mounted Huge Pages File System.
[[0;32m  OK  [0m] Started Create list of required sta…vice nodes for the current kernel.
[[0;32m  OK  [0m] Mounted Kernel Debug File System.
[[0;32m  OK  [0m] Started Uncomplicated firewall.
[[0;32m  OK  [0m] Started File System Check on Root Device.
[[0;32m  OK  [0m] Started Load Kernel Modules.
[[0;32m  OK  [0m] Mounted POSIX Message Queue File System.
[[0;32m  OK  [0m] Started File System Check Daemon to report status.
[[0;32m  OK  [0m] Started LVM2 metadata daemon.
         Starting Apply Kernel Variables...
         Mounting FUSE Control File System...
         Mounting Kernel Configuration File System...
         Starting Remount Root and Kernel File Systems...
         Starting Create Static Device Nodes in /dev...
[[0;32m  OK  [0m] Started udev Coldplug all Devices.
[[0;32m  OK  [0m] Mounted FUSE Control File System.
[[0;32m  OK  [0m] Mounted Kernel Configuration File System.
[[0;32m  OK  [0m] Started Create Static Device Nodes in /dev.
[[0;32m  OK  [0m] Started Apply Kernel Variables.
[[0;32m  OK  [0m] Started Monitoring of LVM2 mirrors,…sing dmeventd or progress polling.
[[0;32m  OK  [0m] Started Remount Root and Kernel File Systems.
         Starting Load/Save Random Seed...
         Starting Flush Journal to Persistent Storage...
         Starting udev Kernel Device Manager...
[[0;32m  OK  [0m] Started Load/Save Random Seed.
[[0;32m  OK  [0m] Started udev Kernel Device Manager.
[[0;32m  OK  [0m] Started Flush Journal to Persistent Storage.
[[0;32m  OK  [0m] Found device /dev/ttyS0.
[[0;32m  OK  [0m] Listening on Load/Save RF Kill Switch Status /dev/rfkill Watch.
[[0;32m  OK  [0m] Started Set the console keyboard layout.
[[0;32m  OK  [0m] Reached target Local File Systems (Pre).
[[0;32m  OK  [0m] Reached target Local File Systems.
         Starting Commit a transient machine-id on disk...
         Starting Create Volatile Files and Directories...
         Starting Set console font and keymap...
         Starting Tell Plymouth To Write Out Runtime Data...
         Starting ebtables ruleset management...
         Starting AppArmor initialization...
[[0;32m  OK  [0m] Started Dispatch Password Requests to Console Directory Watch.
[[0;32m  OK  [0m] Reached target Local Encrypted Volumes.
[[0;32m  OK  [0m] Started Commit a transient machine-id on disk.
[[0;32m  OK  [0m] Started Set console font and keymap.
[[0;32m  OK  [0m] Started Tell Plymouth To Write Out Runtime Data.
[[0;32m  OK  [0m] Started Create Volatile Files and Directories.
         Starting Update UTMP about System Boot/Shutdown...
[[0;32m  OK  [0m] Started Update UTMP about System Boot/Shutdown.
[[0;32m  OK  [0m] Started ebtables ruleset management.
[[0;32m  OK  [0m] Started AppArmor initialization.
         Starting Load AppArmor profiles managed internally by snapd...
         Starting Initial cloud-init job (pre-networking)...
[[0;32m  OK  [0m] Started Load AppArmor profiles managed internally by snapd.
[    7.009551] cloud-init[678]: Cloud-init v. 21.4-0ubuntu1~18.04.1 running 'init-local' at Sun, 06 Feb 2022 21:38:39 +0000. Up 6.80 seconds.
[[0;32m  OK  [0m] Started Initial cloud-init job (pre-networking).
[[0;32m  OK  [0m] Reached target Network (Pre).
         Starting Network Service...
[[0;32m  OK  [0m] Started Network Service.
         Starting Wait for Network to be Configured...
         Starting Network Name Resolution...
[[0;32m  OK  [0m] Started Network Name Resolution.
[[0;32m  OK  [0m] Reached target Network.
[[0;32m  OK  [0m] Reached target Host and Network Name Lookups.
[[0;32m  OK  [0m] Started Wait for Network to be Configured.
         Starting Initial cloud-init job (metadata service crawler)...
[    8.990568] cloud-init[771]: Cloud-init v. 21.4-0ubuntu1~18.04.1 running 'init' at Sun, 06 Feb 2022 21:38:41 +0000. Up 8.90 seconds.
[    8.991446] cloud-init[771]: ci-info: ++++++++++++++++++++++++++++++++++++++Net device info+++++++++++++++++++++++++++++++++++++++
[    9.000175] cloud-init[771]: ci-info: +--------+-------+----------------------------+---------------+--------+-------------------+
[    9.012225] cloud-init[771]: ci-info: | Device |   Up  |          Address           |      Mask     | Scope  |     Hw-Address    |
[    9.013209] cloud-init[771]: ci-info: +--------+-------+----------------------------+---------------+--------+-------------------+
[    9.014175] cloud-init[771]: ci-info: | enp0s3 |  True |         10.0.2.15          | 255.255.255.0 | global | 02:e8:64:37:14:18 |
[    9.015190] cloud-init[771]: ci-info: | enp0s3 |  True | fe80::e8:64ff:fe37:1418/64 |       .       |  link  | 02:e8:64:37:14:18 |
[    9.016853] cloud-init[771]: ci-info: | enp0s8 | False |             .              |       .       |   .    | 08:00:27:2c:0a:cb |
[    9.018212] cloud-init[771]: ci-info: |   lo   |  True |         127.0.0.1          |   255.0.0.0   |  host  |         .         |
[    9.019430] cloud-init[771]: ci-info: |   lo   |  True |          ::1/128           |       .       |  host  |         .         |
[    9.022924] cloud-init[771]: ci-info: +--------+-------+----------------------------+---------------+--------+-------------------+
[    9.025334] cloud-init[771]: ci-info: ++++++++++++++++++++++++++++Route IPv4 info+++++++++++++++++++++++++++++
[    9.027012] cloud-init[771]: ci-info: +-------+-------------+----------+-----------------+-----------+-------+
[    9.028421] cloud-init[771]: ci-info: | Route | Destination | Gateway  |     Genmask     | Interface | Flags |
[    9.029449] cloud-init[771]: ci-info: +-------+-------------+----------+-----------------+-----------+-------+
[    9.030410] cloud-init[771]: ci-info: |   0   |   0.0.0.0   | 10.0.2.2 |     0.0.0.0     |   enp0s3  |   UG  |
[    9.031426] cloud-init[771]: ci-info: |   1   |   10.0.2.0  | 0.0.0.0  |  255.255.255.0  |   enp0s3  |   U   |
[    9.032423] cloud-init[771]: ci-info: |   2   |   10.0.2.2  | 0.0.0.0  | 255.255.255.255 |   enp0s3  |   UH  |
[    9.033533] cloud-init[771]: ci-info: +-------+-------------+----------+-----------------+-----------+-------+
[    9.034834] cloud-init[771]: ci-info: +++++++++++++++++++Route IPv6 info+++++++++++++++++++
[    9.039169] cloud-init[771]: ci-info: +-------+-------------+---------+-----------+-------+
[    9.040160] cloud-init[771]: ci-info: | Route | Destination | Gateway | Interface | Flags |
[    9.052186] cloud-init[771]: ci-info: +-------+-------------+---------+-----------+-------+
[    9.064182] cloud-init[771]: ci-info: |   1   |  fe80::/64  |    ::   |   enp0s3  |   U   |
[    9.077074] cloud-init[771]: ci-info: |   3   |    local    |    ::   |   enp0s3  |   U   |
[    9.088751] cloud-init[771]: ci-info: |   4   |   ff00::/8  |    ::   |   enp0s3  |   U   |
[    9.100524] cloud-init[771]: ci-info: +-------+-------------+---------+-----------+-------+
[    9.444121] cloud-init[771]: Generating public/private rsa key pair.
[    9.456606] cloud-init[771]: Your identification has been saved in /etc/ssh/ssh_host_rsa_key.
[    9.468297] cloud-init[771]: Your public key has been saved in /etc/ssh/ssh_host_rsa_key.pub.
[[0;32m  OK  [0m] Started Initial cloud-init job (metadata service crawler).
[[0;32m  OK  [0m] Reached target System Initialization.
[[0;32m  OK  [0m] Started Daily Cleanup of Temporary Directories.
[    9.483754] cloud-init[771]: The key fingerprint is:
[    9.485376] cloud-init[771]: SHA256:n0e+5qCsFhecjgXsXA9fMBg0GT7Bp3LhWlE6KC8TxR8 root@ubuntu-bionic
[    9.486229] cloud-init[771]:          Starting LXD - unix socket.
[[0;32m  OK  [0m] Started Trigger to poll for Ubuntu …(Only enabled on GCP LTS non-pro).
[[0;32m  OK  [0m] Listening on D-Bus System Message Bus Socket.
[[0;32m  OK  [0m] Started Message of the Day.
[[0;32m  OK  [0m] Listening on cloud-init hotplug hook socket.
[[0;32m  OK  [0m] Listening on ACPID Listen Socket.
The key's randomart image is:
[    9.495021] cloud-init[771]: +---[RSA 2048]----+
[[0;32m  OK  [0m] Started ACPI Events Check.
[[0;32m  OK  [0m] Reached target Paths.
[[0;32m  OK  [0m] Started Discard unused blocks once a week.
[[0;32m  OK  [0m] Started Ubuntu Advantage Timer for running repeated jobs.
         Starting Socket activation for snappy daemon.
[[0;32m  OK  [0m] Listening on Open-iSCSI iscsid Socket.
[[0;32m  OK  [0m] Started Daily apt download activities.
[[0;32m  OK  [0m] Started Daily apt upgrade and clean activities.
[[0;32m  OK  [0m] Reached target Timers.
[[0;32m  OK  [0m] Listening on UUID daemon activation socket.
[[0;32m  OK  [0m] Reached target Cloud-config availability.
[[0;32m  OK  [0m] Reached target Network is Online.
[    9.496862] cloud-init[771]: |     o.o**+.     |
         Starting Availability of block devices...
[[0;32m  OK  [0m] Reached target Remote File Systems (Pre).
[[0;32m  OK  [0m] Reached target Remote File Systems.
[    9.572305] cloud-init[771]: |     .+oE+...    |
[    9.572810] cloud-init[771]: |    oo.*=@ .     |
[[0;32m  OK  [0m] Listening on LXD - unix socket.
[    9.574432] cloud-init[771]: |     ++ @oo      |
[[0;32m  OK  [0m] Listening on Socket activation for snappy daemon.
[    9.575597] cloud-init[771]: |    o .OS.  .    |
[[0;32m  OK  [0m] Reached target Sockets.
[[0;32m  OK  [0m] Reached target Basic System.
[    9.577521] cloud-init[771]: |     o+ o. +     |
[    9.578018] cloud-init         Starting Virtualbox guest utils...
[771]: |       o  + o    |         Starting Dispatcher daemon for systemd-networkd...

[    9.582569] cloud-init[771]: |      .. . o..   |
[[0;32m  OK  [0m] Started Deferred execution scheduler.
         Starting LSB: Record successful boot for GRUB...
[    9.584113] cloud-init[771]: |     ...o  oo    |
[[0;32m  OK  [0m] Started D-Bus System Message Bus.
[    9.588014] cloud-init[771]: +----[SHA256]-----+
[    9.589056] cloud-init[771]: Generating public/private dsa key pair.
[    9.594908] cloud-init[771]: Your identification has been saved in /etc/ssh/ssh_host_dsa_key.
[    9.604524] cloud-init[771]: Your public key has been saved in /etc/ssh/ssh_host_dsa_key.pub.
[    9.616168] cloud-init[771]: The key fingerprint is:
[    9.616460] cloud-init[771]: SHA256:JC2nCaV73I57gl7Rg4x7ybsyHWjqoCKg/cB7FoNEhBA root@ubuntu-bionic
[    9.617067] cloud-init[771]: The key's randomart image is:
[    9.617482] cloud-init[771]: +---[DSA 1024]----+
[    9.617897] cloud-init[771]: |E+.   .          |
[    9.618436] cloud-init[771]: |. .  o .         |
[    9.618962] cloud-init[771]: | .  o o +        |
[    9.620677] cloud-init[771]: |  .  * @         |
[    9.621291] cloud-init[771]: | . .o.O S        |
[    9.622460] cloud-init[771]: |... =+.= .       |
[    9.624071] cloud-init[771]: |+.oo.=*..        |
[    9.626625] cloud-init[771]: |=.oo*ooo.        |
[[0;32m  OK  [0m] Started FUSE filesystem for LXC.
         Starting Pollinate to seed the pseudo random number generator...
         Starting System Logging Service...
         Starting Snap Daemon...
         Starting Login Service...
         Starting Accounts Service...
         Starting Permit User Sessions...
[[0;32m  OK  [0m] Started irqbalance daemon.
[    9.645702] cloud-init[771]: |+.o=oo++         |
[    9.664483] cloud-init[771]: +----[SHA256]-----+
[    9.664897] cloud-init[771]: Generating public/private ecdsa key pair.
[    9.676278] cloud-init[771]: Your identification has been saved in /etc/ssh/ssh_host_ecdsa_key.
[    9.688305] cloud-init[771]: Your public key has been saved in /etc/ssh/ssh_host_ecdsa_key.pub.
[    9.688870] cloud-init[771]: The key fingerprint is:
[    9.700457] cloud-init[771]: SHA256:Oq4A/0y0tROz34drLOpKGhMNm/6zsCya7EM5819FWCw root@ubuntu-bionic
[    9.712315] cloud-init[771]: The key's randomart image is:
[    9.712825] cloud-init[771]: +---[ECDSA 256]---+
[    9.725032] cloud-init[771]: |        ..       |
[    9.725315] cloud-init[771]: |       Eo.       |
[[0;32m  OK  [0m] Started Regular background program processing daemon.
         Starting LSB: automatic crash report generation...
         Starting LXD - container startup/shutdown...
[[0;32m  OK  [0m] Started System Logging Service.
[[0;32m  OK  [0m] Started Availability of block devices.
[[0;32m  OK  [0m] Started Permit User Sessions.
[    9.739958] cloud-init[771]: |  .    ...       |
[[0;32m  OK  [0m] Started Login Service.
[    9.785314] cloud-init[771]: |   =    .        |
[    9.788920] cloud-init[771]: |. = o + S.       |
[    9.789175] cloud-init[771]: | O o o *.        |
[    9.789405] cloud-init[771]: |. @ + *. . .     |
[    9.789751] cloud-init[771]: |o+ #...+..+ .    |
[    9.790616] cloud-init[771]: |=+= OB+..ooo     |
[    9.791410] cloud-init[771]: +----[SHA256]-----+
[    9.792687] cloud-init[771]: Generating public/private ed25519 key pair.
[    9.793878] cloud-init[771]: Your identification has been saved in /etc/ssh/ssh_host_ed25519_key.
[    9.796424] cloud-init[771]: Your public key has been saved in /etc/ssh/ssh_host_ed25519_key.pub.
[    9.801476] cloud-init[771]: The key fingerprint is:
[    9.801849] cloud-init[771]: SHA256:K1V5y5EcJWzEMg6lFO6TEKgF55mFtDBwGJpSwEF6/o4 root@ubuntu-bionic
[    9.803613] cloud-init[771]: The key's randomart image is:
[    9.804915] cloud-init[771]: +--[ED25519 256]--+
[    9.806003] cloud-init[771]: |*BBoooo oo.++..  |
[    9.806884] cloud-init[771]: |+= =+= +..oo++   |
[    9.810220] cloud-init[771]: |= .o= . ooo+=    |
[    9.811111] cloud-init[771]: |.o.    o o.o o   |
[    9.811832] cloud-init[771]: |  .     S   o    |
[    9.812610] cloud-init[771]: |   .   . o       |
[    9.813976] cloud-init[771]: |    . . .        |
[    9.828244] cloud-init[771]: |   o   .         |
[    9.828934] cloud-init[771]: |  E .            |
[    9.829220] cloud-init[771]: +----[SHA256]-----+
         Starting Authorization Manager...
[[0;32m  OK  [0m] Started Unattended Upgrades Shutdown.
         Starting Terminate Plymouth Boot Screen...
         Starting Hold until boot process finishes up...
[[0;32m  OK  [0m] Started Terminate Plymouth Boot Screen.
[[0;32m  OK  [0m] Started Hold until boot process finishes up.
[[0;32m  OK  [0m] Started Authorization Manager.
[[0;32m  OK  [0m] Started Accounts Service.
         Starting Set console scheme...
[[0;32m  OK  [0m] Started Serial Getty on ttyS0.
[[0;32m  OK  [0m] Started LXD - container startup/shutdown.
[[0;32m  OK  [0m] Started Set console scheme.
[[0;32m  OK  [0m] Created slice system-getty.slice.
[[0;32m  OK  [0m] Started Getty on tty1.
[[0;32m  OK  [0m] Reached target Login Prompts.
[[0;32m  OK  [0m] Started LSB: automatic crash report generation.
[[0;32m  OK  [0m] Started LSB: Record successful boot for GRUB.
[[0;32m  OK  [0m] Started Virtualbox guest utils.
[[0;32m  OK  [0m] Started Dispatcher daemon for systemd-networkd.
[[0;32m  OK  [0m] Started Snap Daemon.
         Starting Wait until snapd is fully seeded...
[[0;32m  OK  [0m] Started Pollinate to seed the pseudo random number generator.
         Starting OpenBSD Secure Shell server...
[[0;32m  OK  [0m] Started OpenBSD Secure Shell server.
[[0;32m  OK  [0m] Created slice User Slice of vagrant.
         Starting User Manager for UID 1000...
[[0;32m  OK  [0m] Started Session 1 of user vagrant.
[[0;32m  OK  [0m] Started User Manager for UID 1000.
[[0;32m  OK  [0m] Started Wait until snapd is fully seeded.
         Starting Apply the settings specified in cloud-config...
[[0;32m  OK  [0m] Reached target Multi-User System.
[[0;32m  OK  [0m] Reached target Graphical Interface.
         Starting Update UTMP about System Runlevel Changes...
[[0;32m  OK  [0m] Started Update UTMP about System Runlevel Changes.
         Stopping User Manager for UID 1000...
[[0;32m  OK  [0m] Stopped User Manager for UID 1000.
[[0;32m  OK  [0m] Removed slice User Slice of vagrant.
[[0;32m  OK  [0m] Created slice User Slice of vagrant.
         Starting User Manager for UID 1000...
[[0;32m  OK  [0m] Started Session 3 of user vagrant.
[[0;32m  OK  [0m] Started User Manager for UID 1000.
[   15.160843] cloud-init[1512]: Cloud-init v. 21.4-0ubuntu1~18.04.1 running 'modules:config' at Sun, 06 Feb 2022 21:38:47 +0000. Up 14.80 seconds.
ci-info: no authorized SSH keys fingerprints found for user ubuntu.
<14>Feb  6 21:38:48 cloud-init: #############################################################
<14>Feb  6 21:38:48 cloud-init: -----BEGIN SSH HOST KEY FINGERPRINTS-----
<14>Feb  6 21:38:48 cloud-init: 1024 SHA256:JC2nCaV73I57gl7Rg4x7ybsyHWjqoCKg/cB7FoNEhBA root@ubuntu-bionic (DSA)
<14>Feb  6 21:38:48 cloud-init: 256 SHA256:Oq4A/0y0tROz34drLOpKGhMNm/6zsCya7EM5819FWCw root@ubuntu-bionic (ECDSA)
<14>Feb  6 21:38:48 cloud-init: 256 SHA256:K1V5y5EcJWzEMg6lFO6TEKgF55mFtDBwGJpSwEF6/o4 root@ubuntu-bionic (ED25519)
<14>Feb  6 21:38:48 cloud-init: 2048 SHA256:n0e+5qCsFhecjgXsXA9fMBg0GT7Bp3LhWlE6KC8TxR8 root@ubuntu-bionic (RSA)
<14>Feb  6 21:38:48 cloud-init: -----END SSH HOST KEY FINGERPRINTS-----
<14>Feb  6 21:38:48 cloud-init: #############################################################
-----BEGIN SSH HOST KEY KEYS-----
ecdsa-sha2-nistp256 AAAAE2VjZHNhLXNoYTItbmlzdHAyNTYAAAAIbmlzdHAyNTYAAABBBJitVoTSksBVguyPobAv/xhotBuqVVu0KFKNNJgzZNUqOxljKgslOrEgrp8DpdihX15aHajE5URyNLNewuc2cmc= root@ubuntu-bionic
ssh-ed25519 AAAAC3NzaC1lZDI1NTE5AAAAIDd1x1aubUWNci1agNQkzrmTv8MAYbEQfE1wjIY0iZKm root@ubuntu-bionic
ssh-rsa AAAAB3NzaC1yc2EAAAADAQABAAABAQC5gAd0J31+fm7gQjKyasImV4ocH66t6/En76dccJTPoycGUmjjCIGZFQPWYstgTkhysTl1rE0omNEeipKV2MoBMeJLyljZzuGrVjlkpQufB1wFkgzLd//P3v/Do0bwHqcGKp1owC219KZrb2EJHEpsMhGQP2jHd1wBTCnt9VBkDgwfXfNphAv3m+R2j/6E4N2VKDQbRp9UYOkMrJCh9TO2Bc1fm5gMI9fdw/0wriZ+uZ1BAzTL2dvH4zb9GXBJ3ErvZBNHlfQw1JVeDi7+7hHSXyBu8JJ98Hc6Xr+tTUeWaJFQ58Qy8Hhe9qSybRjVkJFfyxXHN8w40vpU/sT9yEep root@ubuntu-bionic
-----END SSH HOST KEY KEYS-----
[   15.560232] cloud-init[1667]: Cloud-init v. 21.4-0ubuntu1~18.04.1 running 'modules:final' at Sun, 06 Feb 2022 21:38:48 +0000. Up 15.46 seconds.
[   15.560530] cloud-init[1667]: ci-info: no authorized SSH keys fingerprints found for user ubuntu.
[   15.560756] cloud-init[1667]: Cloud-init v. 21.4-0ubuntu1~18.04.1 finished at Sun, 06 Feb 2022 21:38:48 +0000. Datasource DataSourceNoCloud [seed=/dev/sdb][dsmode=net].  Up 15.55 seconds

Ubuntu 18.04.6 LTS ubuntu-bionic ttyS0

ubuntu-bionic login: 